<?xml version="1.0" encoding="UTF-8"?>
<testsuite name="br.com.study.ProductServiceTest" tests="1" skipped="0" failures="0" errors="0" timestamp="2025-01-17T19:09:09" hostname="MacBookPro" time="0.008">
  <properties/>
  <testcase name="testItWorks()" classname="br.com.study.ProductServiceTest" time="0.008"/>
  <system-out><![CDATA[?[36m16:09:09.696?[0;39m ?[1;30m[Test worker]?[0;39m ?[34mINFO ?[0;39m ?[35mi.m.c.DefaultApplicationContext$RuntimeConfiguredEnvironment?[0;39m - Established active environments: [test]
]]></system-out>
  <system-err><![CDATA[]]></system-err>
</testsuite>
